[24-Apr-2025 18:31:29 UTC] Raw JSON recebido: {"user_id":"1","referral_code":"ERK42","first_name":"natasha","last_name":"romanow","email":"erik.placido@gmail.com","mobile":"101010101","postcode":"3002","service_name":"short_rental_services","more_details":"e","cityEmail":"email@melbourne.com"}
[24-Apr-2025 18:31:29 UTC] Received Payload: Array
(
    [user_id] => 1
    [referral_code] => ERK42
    [first_name] => natasha
    [last_name] => romanow
    [email] => erik.placido@gmail.com
    [mobile] => 101010101
    [postcode] => 3002
    [service_name] => short_rental_services
    [more_details] => e
    [cityEmail] => email@melbourne.com
)

[24-Apr-2025 18:32:04 UTC] Raw JSON recebido: {"user_id":"1","referral_code":"","first_name":"pau no cu","last_name":"da silva","email":"email@email.com","mobile":"83838","postcode":"3003","service_name":"commercial_cleaning","more_details":"d","cityEmail":"email@melbourne.com"}
[24-Apr-2025 18:32:04 UTC] Received Payload: Array
(
    [user_id] => 1
    [referral_code] => 
    [first_name] => pau no cu
    [last_name] => da silva
    [email] => email@email.com
    [mobile] => 83838
    [postcode] => 3003
    [service_name] => commercial_cleaning
    [more_details] => d
    [cityEmail] => email@melbourne.com
)

[24-Apr-2025 18:38:18 UTC] Raw JSON recebido: {"user_id":"1","referral_code":"ERK42","first_name":"111","last_name":"222","email":"1@2.com","mobile":"84848484","postcode":"3002","service_name":"strata_services","more_details":"3","cityEmail":"email@melbourne.com"}
[24-Apr-2025 18:38:18 UTC] Received Payload: Array
(
    [user_id] => 1
    [referral_code] => ERK42
    [first_name] => 111
    [last_name] => 222
    [email] => 1@2.com
    [mobile] => 84848484
    [postcode] => 3002
    [service_name] => strata_services
    [more_details] => 3
    [cityEmail] => email@melbourne.com
)

[24-Apr-2025 18:42:01 UTC] Raw JSON recebido: {"user_id":"1","referral_code":"ERK42","first_name":"999","last_name":"888","email":"erik@gmail.com","mobile":"03930303","postcode":"2002","service_name":"support_services","more_details":"s","cityEmail":"email@sydney.com"}
[24-Apr-2025 18:42:01 UTC] Received Payload: Array
(
    [user_id] => 1
    [referral_code] => ERK42
    [first_name] => 999
    [last_name] => 888
    [email] => erik@gmail.com
    [mobile] => 03930303
    [postcode] => 2002
    [service_name] => support_services
    [more_details] => s
    [cityEmail] => email@sydney.com
)

[24-Apr-2025 18:43:16 UTC] Raw JSON recebido: {"referral_code":"ERK42","first_name":"bolsonaro","last_name":"morto","email":"bolso@gmail.com","mobile":"99898985","postcode":"3002","service_name":"home_cleaning","more_details":"wwww","user_id":"1"}
[24-Apr-2025 18:43:16 UTC] Received Payload: Array
(
    [referral_code] => ERK42
    [first_name] => bolsonaro
    [last_name] => morto
    [email] => bolso@gmail.com
    [mobile] => 99898985
    [postcode] => 3002
    [service_name] => home_cleaning
    [more_details] => wwww
    [user_id] => 1
)

