[24-Apr-2025 15:18:33 UTC] Dados Recebidos: Array
(
)

[24-Apr-2025 15:19:19 UTC] Dados Recebidos: Array
(
    [referral_code] => 111
    [first_name] => erik
    [last_name] => placido
    [email] => erik.placido@gmail.com
    [mobile] => 2445576464
    [postcode] => 3002
    [service_name] => home_cleaning
    [more_details] => ereer
    [cityEmail] => email@melbourne.com
)

[24-Apr-2025 15:19:19 UTC] PHP Fatal error:  Uncaught Error: mysqli_stmt::bind_param(): Argument #2 could not be passed by reference in /home/u979853733/domains/bluefacilityservices.com.au/public_html/bluereferralclub/submit_quote.php:87
Stack trace:
#0 {main}
  thrown in /home/u979853733/domains/bluefacilityservices.com.au/public_html/bluereferralclub/submit_quote.php on line 87
[24-Apr-2025 15:23:08 UTC] Received Payload: Array
(
)

[24-Apr-2025 15:23:49 UTC] Received Payload: Array
(
    [referral_code] => 111
    [first_name] => erik
    [last_name] => placido
    [email] => erik@gmail.com
    [mobile] => 22232332
    [postcode] => 3002
    [service_name] => home_cleaning
    [more_details] => tete
    [cityEmail] => email@melbourne.com
)

[24-Apr-2025 15:23:49 UTC] PHP Fatal error:  Uncaught Error: mysqli_stmt::bind_param(): Argument #2 could not be passed by reference in /home/u979853733/domains/bluefacilityservices.com.au/public_html/bluereferralclub/submit_quote.php:86
Stack trace:
#0 {main}
  thrown in /home/u979853733/domains/bluefacilityservices.com.au/public_html/bluereferralclub/submit_quote.php on line 86
